<?xml version="1.0" encoding="UTF-8"?>
<!-- Generated by org.testng.reporters.JUnitReportReporter -->
<testsuite hostname="Malli-PC" failures="0" tests="1" name="Hashtag.HastagRegistration.JoinUs" time="8.866" errors="0" timestamp="2023-07-18T18:12:38 IST" skipped="0">
  <testcase classname="Hashtag.HastagRegistration.JoinUs" name="Applynow" time="8.866"/>
  <system-out/>
</testsuite> <!-- Hashtag.HastagRegistration.JoinUs -->
